{"timestamp": "2025-06-28T12:28:57.696822", "level": "INFO", "logger": "AdsPowerProfileService", "message": "Initializing automation strategies", "module": "logger", "function": "info", "line": 129}
{"timestamp": "2025-06-28T12:28:58.032010", "level": "INFO", "logger": "AdsPowerProfileService", "message": "PyAutoGUI strategy initialized", "module": "logger", "function": "info", "line": 129}
{"timestamp": "2025-06-28T12:29:11.445468", "level": "INFO", "logger": "AdsPowerProfileService", "message": "Selenium strategy initialized", "module": "logger", "function": "info", "line": 129}
{"timestamp": "2025-06-28T12:29:11.450543", "level": "INFO", "logger": "AdsPowerProfileService", "message": "Initialized 2 automation strategies", "module": "logger", "function": "info", "line": 129}
{"timestamp": "2025-06-28T12:29:11.451459", "level": "INFO", "logger": "AdsPowerProfileService", "message": "Starting AdsPower automation service", "module": "logger", "function": "info", "line": 129}
{"timestamp": "2025-06-28T12:29:11.455787", "level": "INFO", "logger": "AdsPowerProfileService", "message": "Service started with pyautogui strategy", "module": "logger", "function": "info", "line": 129}
{"timestamp": "2025-06-28T12:29:11.476068", "level": "INFO", "logger": "AdsPowerProfileService", "message": "Starting operation: create_profile", "module": "logger", "function": "info", "line": 129, "operation": "create_profile"}
{"timestamp": "2025-06-28T12:29:11.476591", "level": "INFO", "logger": "AdsPowerProfileService", "message": "Creating profile 'TestProfile' - Attempt 1/3", "module": "logger", "function": "info", "line": 129}
{"timestamp": "2025-06-28T12:29:37.562548", "level": "WARNING", "logger": "AdsPowerProfileService", "message": "Attempt 1 failed: Could not activate AdsPower window", "module": "logger", "function": "warning", "line": 133}
{"timestamp": "2025-06-28T12:29:38.638410", "level": "INFO", "logger": "AdsPowerProfileService", "message": "Creating profile 'TestProfile' - Attempt 2/3", "module": "logger", "function": "info", "line": 129}
{"timestamp": "2025-06-28T12:29:55.603675", "level": "WARNING", "logger": "AdsPowerProfileService", "message": "Attempt 2 failed: Could not activate AdsPower window", "module": "logger", "function": "warning", "line": 133}
{"timestamp": "2025-06-28T12:29:56.678453", "level": "INFO", "logger": "AdsPowerProfileService", "message": "Creating profile 'TestProfile' - Attempt 3/3", "module": "logger", "function": "info", "line": 129}
{"timestamp": "2025-06-28T12:30:06.557213", "level": "WARNING", "logger": "AdsPowerProfileService", "message": "Attempt 3 failed: Could not activate AdsPower window", "module": "logger", "function": "warning", "line": 133}
{"timestamp": "2025-06-28T12:30:06.557732", "level": "ERROR", "logger": "AdsPowerProfileService", "message": "Failed to create profile after 3 attempts", "module": "logger", "function": "error", "line": 137}
{"timestamp": "2025-06-28T12:30:06.558299", "level": "ERROR", "logger": "AdsPowerProfileService", "message": "Failed to create profile 'TestProfile': Operation 'create_profile_TestProfile' failed after 3 retry attempts. Last error: Could not activate AdsPower window", "module": "logger", "function": "error", "line": 137}
{"timestamp": "2025-06-28T12:30:06.559583", "level": "INFO", "logger": "AdsPowerProfileService", "message": "Stopping AdsPower automation service", "module": "logger", "function": "info", "line": 129}
{"timestamp": "2025-06-28T12:30:06.560347", "level": "INFO", "logger": "AdsPowerProfileService", "message": "Service stopped successfully", "module": "logger", "function": "info", "line": 129}
{"timestamp": "2025-06-28T12:42:23.611030", "level": "INFO", "logger": "AdsPowerProfileService", "message": "Initializing automation strategies", "module": "logger", "function": "info", "line": 129}
{"timestamp": "2025-06-28T12:42:23.628858", "level": "INFO", "logger": "AdsPowerProfileService", "message": "PyAutoGUI strategy initialized", "module": "logger", "function": "info", "line": 129}
{"timestamp": "2025-06-28T12:42:24.782678", "level": "INFO", "logger": "AdsPowerProfileService", "message": "Selenium strategy initialized", "module": "logger", "function": "info", "line": 129}
{"timestamp": "2025-06-28T12:42:24.782848", "level": "INFO", "logger": "AdsPowerProfileService", "message": "Initialized 2 automation strategies", "module": "logger", "function": "info", "line": 129}
{"timestamp": "2025-06-28T12:42:24.782903", "level": "INFO", "logger": "AdsPowerProfileService", "message": "Starting AdsPower automation service", "module": "logger", "function": "info", "line": 129}
{"timestamp": "2025-06-28T12:42:24.787798", "level": "INFO", "logger": "AdsPowerProfileService", "message": "Service started with pyautogui strategy", "module": "logger", "function": "info", "line": 129}
{"timestamp": "2025-06-28T12:42:24.788347", "level": "INFO", "logger": "AdsPowerProfileService", "message": "Starting operation: create_profile", "module": "logger", "function": "info", "line": 129, "operation": "create_profile"}
{"timestamp": "2025-06-28T12:42:24.788425", "level": "INFO", "logger": "AdsPowerProfileService", "message": "Creating profile 'MyProfile' - Attempt 1/3", "module": "logger", "function": "info", "line": 129}
{"timestamp": "2025-06-28T12:42:30.460472", "level": "WARNING", "logger": "AdsPowerProfileService", "message": "Attempt 1 failed: Could not activate AdsPower window", "module": "logger", "function": "warning", "line": 133}
{"timestamp": "2025-06-28T12:42:31.462120", "level": "INFO", "logger": "AdsPowerProfileService", "message": "Creating profile 'MyProfile' - Attempt 2/3", "module": "logger", "function": "info", "line": 129}
{"timestamp": "2025-06-28T12:42:37.017810", "level": "WARNING", "logger": "AdsPowerProfileService", "message": "Attempt 2 failed: Could not activate AdsPower window", "module": "logger", "function": "warning", "line": 133}
{"timestamp": "2025-06-28T12:42:38.019503", "level": "INFO", "logger": "AdsPowerProfileService", "message": "Creating profile 'MyProfile' - Attempt 3/3", "module": "logger", "function": "info", "line": 129}
{"timestamp": "2025-06-28T12:42:43.635659", "level": "WARNING", "logger": "AdsPowerProfileService", "message": "Attempt 3 failed: Could not activate AdsPower window", "module": "logger", "function": "warning", "line": 133}
{"timestamp": "2025-06-28T12:42:43.636095", "level": "ERROR", "logger": "AdsPowerProfileService", "message": "Failed to create profile after 3 attempts", "module": "logger", "function": "error", "line": 137}
{"timestamp": "2025-06-28T12:42:43.636816", "level": "ERROR", "logger": "AdsPowerProfileService", "message": "Failed to create profile 'MyProfile': Operation 'create_profile_MyProfile' failed after 3 retry attempts. Last error: Could not activate AdsPower window", "module": "logger", "function": "error", "line": 137}
{"timestamp": "2025-06-28T12:42:43.637702", "level": "INFO", "logger": "AdsPowerProfileService", "message": "Stopping AdsPower automation service", "module": "logger", "function": "info", "line": 129}
{"timestamp": "2025-06-28T12:42:43.638343", "level": "INFO", "logger": "AdsPowerProfileService", "message": "Service stopped successfully", "module": "logger", "function": "info", "line": 129}
{"timestamp": "2025-06-28T12:48:05.245011", "level": "INFO", "logger": "AdsPowerProfileService", "message": "Initializing automation strategies", "module": "logger", "function": "info", "line": 129}
{"timestamp": "2025-06-28T12:48:05.265183", "level": "INFO", "logger": "AdsPowerProfileService", "message": "PyAutoGUI strategy initialized", "module": "logger", "function": "info", "line": 129}
{"timestamp": "2025-06-28T12:48:06.363446", "level": "INFO", "logger": "AdsPowerProfileService", "message": "Selenium strategy initialized", "module": "logger", "function": "info", "line": 129}
{"timestamp": "2025-06-28T12:48:06.363643", "level": "INFO", "logger": "AdsPowerProfileService", "message": "Initialized 2 automation strategies", "module": "logger", "function": "info", "line": 129}
{"timestamp": "2025-06-28T12:48:06.363694", "level": "INFO", "logger": "AdsPowerProfileService", "message": "Starting AdsPower automation service", "module": "logger", "function": "info", "line": 129}
{"timestamp": "2025-06-28T12:48:06.368903", "level": "INFO", "logger": "AdsPowerProfileService", "message": "Service started with pyautogui strategy", "module": "logger", "function": "info", "line": 129}
{"timestamp": "2025-06-28T12:48:06.369459", "level": "INFO", "logger": "AdsPowerProfileService", "message": "Starting operation: create_profile", "module": "logger", "function": "info", "line": 129, "operation": "create_profile"}
{"timestamp": "2025-06-28T12:48:06.369557", "level": "INFO", "logger": "AdsPowerProfileService", "message": "Creating profile 'TestProfile' - Attempt 1/3", "module": "logger", "function": "info", "line": 129}
{"timestamp": "2025-06-28T12:48:12.144460", "level": "WARNING", "logger": "AdsPowerProfileService", "message": "Attempt 1 failed: Could not activate AdsPower window", "module": "logger", "function": "warning", "line": 133}
{"timestamp": "2025-06-28T12:48:13.146119", "level": "INFO", "logger": "AdsPowerProfileService", "message": "Creating profile 'TestProfile' - Attempt 2/3", "module": "logger", "function": "info", "line": 129}
{"timestamp": "2025-06-28T12:48:18.980038", "level": "WARNING", "logger": "AdsPowerProfileService", "message": "Attempt 2 failed: Could not activate AdsPower window", "module": "logger", "function": "warning", "line": 133}
{"timestamp": "2025-06-28T12:48:19.981892", "level": "INFO", "logger": "AdsPowerProfileService", "message": "Creating profile 'TestProfile' - Attempt 3/3", "module": "logger", "function": "info", "line": 129}
{"timestamp": "2025-06-28T12:48:25.836765", "level": "WARNING", "logger": "AdsPowerProfileService", "message": "Attempt 3 failed: Could not activate AdsPower window", "module": "logger", "function": "warning", "line": 133}
{"timestamp": "2025-06-28T12:48:25.837284", "level": "ERROR", "logger": "AdsPowerProfileService", "message": "Failed to create profile after 3 attempts", "module": "logger", "function": "error", "line": 137}
{"timestamp": "2025-06-28T12:48:25.837997", "level": "ERROR", "logger": "AdsPowerProfileService", "message": "Failed to create profile 'TestProfile': Operation 'create_profile_TestProfile' failed after 3 retry attempts. Last error: Could not activate AdsPower window", "module": "logger", "function": "error", "line": 137}
{"timestamp": "2025-06-28T12:48:25.839718", "level": "INFO", "logger": "AdsPowerProfileService", "message": "Stopping AdsPower automation service", "module": "logger", "function": "info", "line": 129}
{"timestamp": "2025-06-28T12:48:25.841275", "level": "INFO", "logger": "AdsPowerProfileService", "message": "Service stopped successfully", "module": "logger", "function": "info", "line": 129}
