{"timestamp": "2025-06-28T12:28:57.701775", "level": "INFO", "logger": "PyAutoGUIStrategy", "message": "Screen resolution: 1440x900", "module": "logger", "function": "info", "line": 129}
{"timestamp": "2025-06-28T12:29:11.452676", "level": "INFO", "logger": "PyAutoGUIStrategy", "message": "Initializing PyAutoGUI automation", "module": "logger", "function": "info", "line": 129}
{"timestamp": "2025-06-28T12:29:11.455169", "level": "INFO", "logger": "PyAutoGUIStrategy", "message": "PyAutoGUI automation initialized successfully", "module": "logger", "function": "info", "line": 129}
{"timestamp": "2025-06-28T12:29:32.300813", "level": "INFO", "logger": "PyAutoGUIStrategy", "message": "Creating profile: TestProfile", "module": "logger", "function": "info", "line": 129}
{"timestamp": "2025-06-28T12:29:32.334530", "level": "ERROR", "logger": "PyAutoGUIStrategy", "message": "Image recognition failed for 'adspower_icon': Image template not found: templates/adspower_icon.png", "module": "logger", "function": "error", "line": 137}
{"timestamp": "2025-06-28T12:29:32.882056", "level": "ERROR", "logger": "PyAutoGUIStrategy", "message": "Image recognition failed for 'adspower_icon': Image template not found: templates/adspower_icon.png", "module": "logger", "function": "error", "line": 137}
{"timestamp": "2025-06-28T12:29:33.511476", "level": "ERROR", "logger": "PyAutoGUIStrategy", "message": "Image recognition failed for 'adspower_icon': Image template not found: templates/adspower_icon.png", "module": "logger", "function": "error", "line": 137}
{"timestamp": "2025-06-28T12:29:34.207643", "level": "ERROR", "logger": "PyAutoGUIStrategy", "message": "Image recognition failed for 'adspower_icon': Image template not found: templates/adspower_icon.png", "module": "logger", "function": "error", "line": 137}
{"timestamp": "2025-06-28T12:29:34.723073", "level": "ERROR", "logger": "PyAutoGUIStrategy", "message": "Image recognition failed for 'adspower_icon': Image template not found: templates/adspower_icon.png", "module": "logger", "function": "error", "line": 137}
{"timestamp": "2025-06-28T12:29:35.348235", "level": "ERROR", "logger": "PyAutoGUIStrategy", "message": "Image recognition failed for 'adspower_icon': Image template not found: templates/adspower_icon.png", "module": "logger", "function": "error", "line": 137}
{"timestamp": "2025-06-28T12:29:35.869255", "level": "ERROR", "logger": "PyAutoGUIStrategy", "message": "Image recognition failed for 'adspower_icon': Image template not found: templates/adspower_icon.png", "module": "logger", "function": "error", "line": 137}
{"timestamp": "2025-06-28T12:29:36.457197", "level": "ERROR", "logger": "PyAutoGUIStrategy", "message": "Image recognition failed for 'adspower_icon': Image template not found: templates/adspower_icon.png", "module": "logger", "function": "error", "line": 137}
{"timestamp": "2025-06-28T12:29:37.036895", "level": "ERROR", "logger": "PyAutoGUIStrategy", "message": "Image recognition failed for 'adspower_icon': Image template not found: templates/adspower_icon.png", "module": "logger", "function": "error", "line": 137}
{"timestamp": "2025-06-28T12:29:37.554299", "level": "WARNING", "logger": "PyAutoGUIStrategy", "message": "Element not found: image='adspower_icon' (timeout: 5s)", "module": "logger", "function": "warning", "line": 133}
{"timestamp": "2025-06-28T12:29:37.560361", "level": "WARNING", "logger": "PyAutoGUIStrategy", "message": "Could not find AdsPower window", "module": "logger", "function": "warning", "line": 133}
{"timestamp": "2025-06-28T12:29:50.203421", "level": "INFO", "logger": "PyAutoGUIStrategy", "message": "Creating profile: TestProfile", "module": "logger", "function": "info", "line": 129}
{"timestamp": "2025-06-28T12:29:50.219571", "level": "ERROR", "logger": "PyAutoGUIStrategy", "message": "Image recognition failed for 'adspower_icon': Image template not found: templates/adspower_icon.png", "module": "logger", "function": "error", "line": 137}
{"timestamp": "2025-06-28T12:29:50.762613", "level": "ERROR", "logger": "PyAutoGUIStrategy", "message": "Image recognition failed for 'adspower_icon': Image template not found: templates/adspower_icon.png", "module": "logger", "function": "error", "line": 137}
{"timestamp": "2025-06-28T12:29:51.294675", "level": "ERROR", "logger": "PyAutoGUIStrategy", "message": "Image recognition failed for 'adspower_icon': Image template not found: templates/adspower_icon.png", "module": "logger", "function": "error", "line": 137}
{"timestamp": "2025-06-28T12:29:52.247885", "level": "ERROR", "logger": "PyAutoGUIStrategy", "message": "Image recognition failed for 'adspower_icon': Image template not found: templates/adspower_icon.png", "module": "logger", "function": "error", "line": 137}
{"timestamp": "2025-06-28T12:29:52.894558", "level": "ERROR", "logger": "PyAutoGUIStrategy", "message": "Image recognition failed for 'adspower_icon': Image template not found: templates/adspower_icon.png", "module": "logger", "function": "error", "line": 137}
{"timestamp": "2025-06-28T12:29:53.449576", "level": "ERROR", "logger": "PyAutoGUIStrategy", "message": "Image recognition failed for 'adspower_icon': Image template not found: templates/adspower_icon.png", "module": "logger", "function": "error", "line": 137}
{"timestamp": "2025-06-28T12:29:53.966708", "level": "ERROR", "logger": "PyAutoGUIStrategy", "message": "Image recognition failed for 'adspower_icon': Image template not found: templates/adspower_icon.png", "module": "logger", "function": "error", "line": 137}
{"timestamp": "2025-06-28T12:29:54.508203", "level": "ERROR", "logger": "PyAutoGUIStrategy", "message": "Image recognition failed for 'adspower_icon': Image template not found: templates/adspower_icon.png", "module": "logger", "function": "error", "line": 137}
{"timestamp": "2025-06-28T12:29:55.052305", "level": "ERROR", "logger": "PyAutoGUIStrategy", "message": "Image recognition failed for 'adspower_icon': Image template not found: templates/adspower_icon.png", "module": "logger", "function": "error", "line": 137}
{"timestamp": "2025-06-28T12:29:55.573984", "level": "WARNING", "logger": "PyAutoGUIStrategy", "message": "Element not found: image='adspower_icon' (timeout: 5s)", "module": "logger", "function": "warning", "line": 133}
{"timestamp": "2025-06-28T12:29:55.577722", "level": "WARNING", "logger": "PyAutoGUIStrategy", "message": "Could not find AdsPower window", "module": "logger", "function": "warning", "line": 133}
{"timestamp": "2025-06-28T12:30:01.481031", "level": "INFO", "logger": "PyAutoGUIStrategy", "message": "Creating profile: TestProfile", "module": "logger", "function": "info", "line": 129}
{"timestamp": "2025-06-28T12:30:01.482175", "level": "ERROR", "logger": "PyAutoGUIStrategy", "message": "Image recognition failed for 'adspower_icon': Image template not found: templates/adspower_icon.png", "module": "logger", "function": "error", "line": 137}
{"timestamp": "2025-06-28T12:30:01.983913", "level": "ERROR", "logger": "PyAutoGUIStrategy", "message": "Image recognition failed for 'adspower_icon': Image template not found: templates/adspower_icon.png", "module": "logger", "function": "error", "line": 137}
{"timestamp": "2025-06-28T12:30:02.490844", "level": "ERROR", "logger": "PyAutoGUIStrategy", "message": "Image recognition failed for 'adspower_icon': Image template not found: templates/adspower_icon.png", "module": "logger", "function": "error", "line": 137}
{"timestamp": "2025-06-28T12:30:02.994009", "level": "ERROR", "logger": "PyAutoGUIStrategy", "message": "Image recognition failed for 'adspower_icon': Image template not found: templates/adspower_icon.png", "module": "logger", "function": "error", "line": 137}
{"timestamp": "2025-06-28T12:30:03.516481", "level": "ERROR", "logger": "PyAutoGUIStrategy", "message": "Image recognition failed for 'adspower_icon': Image template not found: templates/adspower_icon.png", "module": "logger", "function": "error", "line": 137}
{"timestamp": "2025-06-28T12:30:04.040451", "level": "ERROR", "logger": "PyAutoGUIStrategy", "message": "Image recognition failed for 'adspower_icon': Image template not found: templates/adspower_icon.png", "module": "logger", "function": "error", "line": 137}
{"timestamp": "2025-06-28T12:30:04.543709", "level": "ERROR", "logger": "PyAutoGUIStrategy", "message": "Image recognition failed for 'adspower_icon': Image template not found: templates/adspower_icon.png", "module": "logger", "function": "error", "line": 137}
{"timestamp": "2025-06-28T12:30:05.045646", "level": "ERROR", "logger": "PyAutoGUIStrategy", "message": "Image recognition failed for 'adspower_icon': Image template not found: templates/adspower_icon.png", "module": "logger", "function": "error", "line": 137}
{"timestamp": "2025-06-28T12:30:05.550717", "level": "ERROR", "logger": "PyAutoGUIStrategy", "message": "Image recognition failed for 'adspower_icon': Image template not found: templates/adspower_icon.png", "module": "logger", "function": "error", "line": 137}
{"timestamp": "2025-06-28T12:30:06.053969", "level": "ERROR", "logger": "PyAutoGUIStrategy", "message": "Image recognition failed for 'adspower_icon': Image template not found: templates/adspower_icon.png", "module": "logger", "function": "error", "line": 137}
{"timestamp": "2025-06-28T12:30:06.556040", "level": "WARNING", "logger": "PyAutoGUIStrategy", "message": "Element not found: image='adspower_icon' (timeout: 5s)", "module": "logger", "function": "warning", "line": 133}
{"timestamp": "2025-06-28T12:30:06.556451", "level": "WARNING", "logger": "PyAutoGUIStrategy", "message": "Could not find AdsPower window", "module": "logger", "function": "warning", "line": 133}
{"timestamp": "2025-06-28T12:30:06.559712", "level": "INFO", "logger": "PyAutoGUIStrategy", "message": "Cleaning up PyAutoGUI resources", "module": "logger", "function": "info", "line": 129}
{"timestamp": "2025-06-28T12:30:06.559808", "level": "INFO", "logger": "PyAutoGUIStrategy", "message": "PyAutoGUI cleanup completed", "module": "logger", "function": "info", "line": 129}
{"timestamp": "2025-06-28T12:30:06.559961", "level": "INFO", "logger": "PyAutoGUIStrategy", "message": "Cleaning up PyAutoGUI resources", "module": "logger", "function": "info", "line": 129}
{"timestamp": "2025-06-28T12:30:06.560034", "level": "INFO", "logger": "PyAutoGUIStrategy", "message": "PyAutoGUI cleanup completed", "module": "logger", "function": "info", "line": 129}
{"timestamp": "2025-06-28T12:42:23.611547", "level": "INFO", "logger": "PyAutoGUIStrategy", "message": "Screen resolution: 1440x900", "module": "logger", "function": "info", "line": 129}
{"timestamp": "2025-06-28T12:42:24.782952", "level": "INFO", "logger": "PyAutoGUIStrategy", "message": "Initializing PyAutoGUI automation", "module": "logger", "function": "info", "line": 129}
{"timestamp": "2025-06-28T12:42:24.787728", "level": "INFO", "logger": "PyAutoGUIStrategy", "message": "PyAutoGUI automation initialized successfully", "module": "logger", "function": "info", "line": 129}
{"timestamp": "2025-06-28T12:42:25.125739", "level": "INFO", "logger": "PyAutoGUIStrategy", "message": "Creating profile: MyProfile", "module": "logger", "function": "info", "line": 129}
{"timestamp": "2025-06-28T12:42:30.458435", "level": "WARNING", "logger": "PyAutoGUIStrategy", "message": "Element not found: image='adspower_icon' (timeout: 5s)", "module": "logger", "function": "warning", "line": 133}
{"timestamp": "2025-06-28T12:42:30.459983", "level": "WARNING", "logger": "PyAutoGUIStrategy", "message": "Could not find AdsPower window", "module": "logger", "function": "warning", "line": 133}
{"timestamp": "2025-06-28T12:42:31.786682", "level": "INFO", "logger": "PyAutoGUIStrategy", "message": "Creating profile: MyProfile", "module": "logger", "function": "info", "line": 129}
{"timestamp": "2025-06-28T12:42:37.015983", "level": "WARNING", "logger": "PyAutoGUIStrategy", "message": "Element not found: image='adspower_icon' (timeout: 5s)", "module": "logger", "function": "warning", "line": 133}
{"timestamp": "2025-06-28T12:42:37.017495", "level": "WARNING", "logger": "PyAutoGUIStrategy", "message": "Could not find AdsPower window", "module": "logger", "function": "warning", "line": 133}
{"timestamp": "2025-06-28T12:42:38.361511", "level": "INFO", "logger": "PyAutoGUIStrategy", "message": "Creating profile: MyProfile", "module": "logger", "function": "info", "line": 129}
{"timestamp": "2025-06-28T12:42:43.633184", "level": "WARNING", "logger": "PyAutoGUIStrategy", "message": "Element not found: image='adspower_icon' (timeout: 5s)", "module": "logger", "function": "warning", "line": 133}
{"timestamp": "2025-06-28T12:42:43.635309", "level": "WARNING", "logger": "PyAutoGUIStrategy", "message": "Could not find AdsPower window", "module": "logger", "function": "warning", "line": 133}
{"timestamp": "2025-06-28T12:42:43.637863", "level": "INFO", "logger": "PyAutoGUIStrategy", "message": "Cleaning up PyAutoGUI resources", "module": "logger", "function": "info", "line": 129}
{"timestamp": "2025-06-28T12:42:43.637984", "level": "INFO", "logger": "PyAutoGUIStrategy", "message": "PyAutoGUI cleanup completed", "module": "logger", "function": "info", "line": 129}
{"timestamp": "2025-06-28T12:42:43.638108", "level": "INFO", "logger": "PyAutoGUIStrategy", "message": "Cleaning up PyAutoGUI resources", "module": "logger", "function": "info", "line": 129}
{"timestamp": "2025-06-28T12:42:43.638212", "level": "INFO", "logger": "PyAutoGUIStrategy", "message": "PyAutoGUI cleanup completed", "module": "logger", "function": "info", "line": 129}
{"timestamp": "2025-06-28T12:48:05.246984", "level": "INFO", "logger": "PyAutoGUIStrategy", "message": "Screen resolution: 1440x900", "module": "logger", "function": "info", "line": 129}
{"timestamp": "2025-06-28T12:48:06.363751", "level": "INFO", "logger": "PyAutoGUIStrategy", "message": "Initializing PyAutoGUI automation", "module": "logger", "function": "info", "line": 129}
{"timestamp": "2025-06-28T12:48:06.368830", "level": "INFO", "logger": "PyAutoGUIStrategy", "message": "PyAutoGUI automation initialized successfully", "module": "logger", "function": "info", "line": 129}
{"timestamp": "2025-06-28T12:48:06.736158", "level": "INFO", "logger": "PyAutoGUIStrategy", "message": "Creating profile: TestProfile", "module": "logger", "function": "info", "line": 129}
{"timestamp": "2025-06-28T12:48:12.141649", "level": "WARNING", "logger": "PyAutoGUIStrategy", "message": "Element not found: image='adspower_icon' (timeout: 5s)", "module": "logger", "function": "warning", "line": 133}
{"timestamp": "2025-06-28T12:48:12.144019", "level": "WARNING", "logger": "PyAutoGUIStrategy", "message": "Could not find AdsPower window", "module": "logger", "function": "warning", "line": 133}
{"timestamp": "2025-06-28T12:48:13.536031", "level": "INFO", "logger": "PyAutoGUIStrategy", "message": "Creating profile: TestProfile", "module": "logger", "function": "info", "line": 129}
{"timestamp": "2025-06-28T12:48:18.977427", "level": "WARNING", "logger": "PyAutoGUIStrategy", "message": "Element not found: image='adspower_icon' (timeout: 5s)", "module": "logger", "function": "warning", "line": 133}
{"timestamp": "2025-06-28T12:48:18.979415", "level": "WARNING", "logger": "PyAutoGUIStrategy", "message": "Could not find AdsPower window", "module": "logger", "function": "warning", "line": 133}
{"timestamp": "2025-06-28T12:48:20.359371", "level": "INFO", "logger": "PyAutoGUIStrategy", "message": "Creating profile: TestProfile", "module": "logger", "function": "info", "line": 129}
{"timestamp": "2025-06-28T12:48:25.833664", "level": "WARNING", "logger": "PyAutoGUIStrategy", "message": "Element not found: image='adspower_icon' (timeout: 5s)", "module": "logger", "function": "warning", "line": 133}
{"timestamp": "2025-06-28T12:48:25.836170", "level": "WARNING", "logger": "PyAutoGUIStrategy", "message": "Could not find AdsPower window", "module": "logger", "function": "warning", "line": 133}
{"timestamp": "2025-06-28T12:48:25.839993", "level": "INFO", "logger": "PyAutoGUIStrategy", "message": "Cleaning up PyAutoGUI resources", "module": "logger", "function": "info", "line": 129}
{"timestamp": "2025-06-28T12:48:25.840121", "level": "INFO", "logger": "PyAutoGUIStrategy", "message": "PyAutoGUI cleanup completed", "module": "logger", "function": "info", "line": 129}
{"timestamp": "2025-06-28T12:48:25.840290", "level": "INFO", "logger": "PyAutoGUIStrategy", "message": "Cleaning up PyAutoGUI resources", "module": "logger", "function": "info", "line": 129}
{"timestamp": "2025-06-28T12:48:25.840467", "level": "INFO", "logger": "PyAutoGUIStrategy", "message": "PyAutoGUI cleanup completed", "module": "logger", "function": "info", "line": 129}
